<?xml version="1.0" encoding="UTF-8"?>
<!-- Generated by org.testng.reporters.JUnitXMLReporter -->
<testsuite ignored="0" hostname="SAKTHI" failures="0" tests="2" name="Default test" time="5.67" errors="0" timestamp="2026-03-30T21:03:48 IST">
  <testcase classname="com.capgemini.apitesting.week3.suite.GitHubSuiteTest" name="testCreateRepoUnauthorized" time="4.91"/>
  <testcase classname="com.capgemini.apitesting.week3.suite.GitHubSuiteTest" name="testGetRepos" time="0.687"/>
</testsuite> <!-- Default test -->
